#! /usr/bin/vvp
:ivl_version "10.3 (stable)";
:ivl_delay_selection "TYPICAL";
:vpi_time_precision + 0;
:vpi_module "system";
:vpi_module "vhdl_sys";
:vpi_module "v2005_math";
:vpi_module "va_math";
S_0x55eab03e90d0 .scope module, "Guia_0201" "Guia_0201" 2 7;
 .timescale 0 0;
v0x55eab0412a20_0 .var "b", 15 0;
v0x55eab043c920_0 .var/real "power2", 0 0;
v0x55eab043c9e0_0 .var/real "x", 0 0;
v0x55eab043ca80_0 .var/i "y", 31 0;
S_0x55eab03e9270 .scope begin, "main" "main" 2 17, 2 17 0, S_0x55eab03e90d0;
 .timescale 0 0;
    .scope S_0x55eab03e90d0;
T_0 ;
    %pushi/real 0, 4065; load=0.00000
    %store/real v0x55eab043c9e0_0;
    %pushi/real 1073741824, 4066; load=1.00000
    %store/real v0x55eab043c920_0;
    %pushi/vec4 7, 0, 32;
    %store/vec4 v0x55eab043ca80_0, 0, 32;
    %pushi/vec4 0, 0, 16;
    %store/vec4 v0x55eab0412a20_0, 0, 16;
    %end;
    .thread T_0;
    .scope S_0x55eab03e90d0;
T_1 ;
    %fork t_1, S_0x55eab03e9270;
    %jmp t_0;
    .scope S_0x55eab03e9270;
t_1 ;
    %vpi_call 2 18 "$display", "Guia_02 - Exercicio 1 Conversao de binario para decimal" {0 0 0};
    %pushi/vec4 168, 0, 16;
    %store/vec4 v0x55eab0412a20_0, 0, 16;
    %pushi/real 0, 4065; load=0.00000
    %store/real v0x55eab043c9e0_0;
    %pushi/real 1073741824, 4066; load=1.00000
    %store/real v0x55eab043c920_0;
    %pushi/vec4 7, 0, 32;
    %store/vec4 v0x55eab043ca80_0, 0, 32;
T_1.0 ;
    %pushi/vec4 0, 0, 32;
    %load/vec4 v0x55eab043ca80_0;
    %cmp/s;
    %flag_or 5, 4;
    %jmp/0xz T_1.1, 5;
    %load/real v0x55eab043c920_0;
    %pushi/real 1073741824, 4067; load=2.00000
    %div/wr;
    %store/real v0x55eab043c920_0;
    %load/vec4 v0x55eab0412a20_0;
    %load/vec4 v0x55eab043ca80_0;
    %part/s 1;
    %pad/u 32;
    %cmpi/e 1, 0, 32;
    %jmp/0xz  T_1.2, 4;
    %load/real v0x55eab043c9e0_0;
    %load/real v0x55eab043c920_0;
    %add/wr;
    %store/real v0x55eab043c9e0_0;
T_1.2 ;
    %load/vec4 v0x55eab043ca80_0;
    %subi 1, 0, 32;
    %store/vec4 v0x55eab043ca80_0, 0, 32;
    %jmp T_1.0;
T_1.1 ;
    %load/vec4 v0x55eab0412a20_0;
    %parti/s 8, 8, 5;
    %ix/vec4 4;
    %cvt/ru 4;
    %load/real v0x55eab043c9e0_0;
    %add/wr;
    %vpi_call 2 35 "$display", "Alternativa A) Binario: %5b  Decimal: %2d", v0x55eab0412a20_0, W<0,r> {0 1 0};
    %pushi/vec4 104, 0, 16;
    %store/vec4 v0x55eab0412a20_0, 0, 16;
    %pushi/real 0, 4065; load=0.00000
    %store/real v0x55eab043c9e0_0;
    %pushi/real 1073741824, 4066; load=1.00000
    %store/real v0x55eab043c920_0;
    %pushi/vec4 7, 0, 32;
    %store/vec4 v0x55eab043ca80_0, 0, 32;
T_1.4 ;
    %pushi/vec4 0, 0, 32;
    %load/vec4 v0x55eab043ca80_0;
    %cmp/s;
    %flag_or 5, 4;
    %jmp/0xz T_1.5, 5;
    %load/real v0x55eab043c920_0;
    %pushi/real 1073741824, 4067; load=2.00000
    %div/wr;
    %store/real v0x55eab043c920_0;
    %load/vec4 v0x55eab0412a20_0;
    %load/vec4 v0x55eab043ca80_0;
    %part/s 1;
    %pad/u 32;
    %cmpi/e 1, 0, 32;
    %jmp/0xz  T_1.6, 4;
    %load/real v0x55eab043c9e0_0;
    %load/real v0x55eab043c920_0;
    %add/wr;
    %store/real v0x55eab043c9e0_0;
T_1.6 ;
    %load/vec4 v0x55eab043ca80_0;
    %subi 1, 0, 32;
    %store/vec4 v0x55eab043ca80_0, 0, 32;
    %jmp T_1.4;
T_1.5 ;
    %load/vec4 v0x55eab0412a20_0;
    %parti/s 8, 8, 5;
    %ix/vec4 4;
    %cvt/ru 4;
    %load/real v0x55eab043c9e0_0;
    %add/wr;
    %vpi_call 2 51 "$display", "Alternativa B) Binario: %5b  Decimal: %2d", v0x55eab0412a20_0, W<0,r> {0 1 0};
    %pushi/vec4 232, 0, 16;
    %store/vec4 v0x55eab0412a20_0, 0, 16;
    %pushi/real 0, 4065; load=0.00000
    %store/real v0x55eab043c9e0_0;
    %pushi/real 1073741824, 4066; load=1.00000
    %store/real v0x55eab043c920_0;
    %pushi/vec4 7, 0, 32;
    %store/vec4 v0x55eab043ca80_0, 0, 32;
T_1.8 ;
    %pushi/vec4 0, 0, 32;
    %load/vec4 v0x55eab043ca80_0;
    %cmp/s;
    %flag_or 5, 4;
    %jmp/0xz T_1.9, 5;
    %load/real v0x55eab043c920_0;
    %pushi/real 1073741824, 4067; load=2.00000
    %div/wr;
    %store/real v0x55eab043c920_0;
    %load/vec4 v0x55eab0412a20_0;
    %load/vec4 v0x55eab043ca80_0;
    %part/s 1;
    %pad/u 32;
    %cmpi/e 1, 0, 32;
    %jmp/0xz  T_1.10, 4;
    %load/real v0x55eab043c9e0_0;
    %load/real v0x55eab043c920_0;
    %add/wr;
    %store/real v0x55eab043c9e0_0;
T_1.10 ;
    %load/vec4 v0x55eab043ca80_0;
    %subi 1, 0, 32;
    %store/vec4 v0x55eab043ca80_0, 0, 32;
    %jmp T_1.8;
T_1.9 ;
    %load/vec4 v0x55eab0412a20_0;
    %parti/s 8, 8, 5;
    %ix/vec4 4;
    %cvt/ru 4;
    %load/real v0x55eab043c9e0_0;
    %add/wr;
    %vpi_call 2 67 "$display", "Alternativa C) Binario: %5b  Decimal: %2d", v0x55eab0412a20_0, W<0,r> {0 1 0};
    %pushi/vec4 440, 0, 16;
    %store/vec4 v0x55eab0412a20_0, 0, 16;
    %pushi/real 0, 4065; load=0.00000
    %store/real v0x55eab043c9e0_0;
    %pushi/real 1073741824, 4066; load=1.00000
    %store/real v0x55eab043c920_0;
    %pushi/vec4 7, 0, 32;
    %store/vec4 v0x55eab043ca80_0, 0, 32;
T_1.12 ;
    %pushi/vec4 0, 0, 32;
    %load/vec4 v0x55eab043ca80_0;
    %cmp/s;
    %flag_or 5, 4;
    %jmp/0xz T_1.13, 5;
    %load/real v0x55eab043c920_0;
    %pushi/real 1073741824, 4067; load=2.00000
    %div/wr;
    %store/real v0x55eab043c920_0;
    %load/vec4 v0x55eab0412a20_0;
    %load/vec4 v0x55eab043ca80_0;
    %part/s 1;
    %pad/u 32;
    %cmpi/e 1, 0, 32;
    %jmp/0xz  T_1.14, 4;
    %load/real v0x55eab043c9e0_0;
    %load/real v0x55eab043c920_0;
    %add/wr;
    %store/real v0x55eab043c9e0_0;
T_1.14 ;
    %load/vec4 v0x55eab043ca80_0;
    %subi 1, 0, 32;
    %store/vec4 v0x55eab043ca80_0, 0, 32;
    %jmp T_1.12;
T_1.13 ;
    %load/vec4 v0x55eab0412a20_0;
    %parti/s 8, 8, 5;
    %ix/vec4 4;
    %cvt/ru 4;
    %load/real v0x55eab043c9e0_0;
    %add/wr;
    %vpi_call 2 83 "$display", "Alternativa D) Binario: %5b  Decimal: %2d", v0x55eab0412a20_0, W<0,r> {0 1 0};
    %pushi/vec4 1008, 0, 16;
    %store/vec4 v0x55eab0412a20_0, 0, 16;
    %pushi/real 0, 4065; load=0.00000
    %store/real v0x55eab043c9e0_0;
    %pushi/real 1073741824, 4066; load=1.00000
    %store/real v0x55eab043c920_0;
    %pushi/vec4 7, 0, 32;
    %store/vec4 v0x55eab043ca80_0, 0, 32;
T_1.16 ;
    %pushi/vec4 0, 0, 32;
    %load/vec4 v0x55eab043ca80_0;
    %cmp/s;
    %flag_or 5, 4;
    %jmp/0xz T_1.17, 5;
    %load/real v0x55eab043c920_0;
    %pushi/real 1073741824, 4067; load=2.00000
    %div/wr;
    %store/real v0x55eab043c920_0;
    %load/vec4 v0x55eab0412a20_0;
    %load/vec4 v0x55eab043ca80_0;
    %part/s 1;
    %pad/u 32;
    %cmpi/e 1, 0, 32;
    %jmp/0xz  T_1.18, 4;
    %load/real v0x55eab043c9e0_0;
    %load/real v0x55eab043c920_0;
    %add/wr;
    %store/real v0x55eab043c9e0_0;
T_1.18 ;
    %load/vec4 v0x55eab043ca80_0;
    %subi 1, 0, 32;
    %store/vec4 v0x55eab043ca80_0, 0, 32;
    %jmp T_1.16;
T_1.17 ;
    %load/vec4 v0x55eab0412a20_0;
    %parti/s 8, 8, 5;
    %ix/vec4 4;
    %cvt/ru 4;
    %load/real v0x55eab043c9e0_0;
    %add/wr;
    %vpi_call 2 99 "$display", "Alternativa E) Binario: %5b  Decimal: %2d", v0x55eab0412a20_0, W<0,r> {0 1 0};
    %end;
    .scope S_0x55eab03e90d0;
t_0 %join;
    %end;
    .thread T_1;
# The file index is used to find the file name in the following table.
:file_names 3;
    "N/A";
    "<interactive>";
    "Guia_0201.v";
